Unity Editor version:    2020.3.21f1 (a38c86f6690f)
Branch:                  2020.3/staging
Build type:              Release
Batch mode:              YES
macOS version:           Version 12.1 (Build 21C52)
Darwin version:          21.2.0
Architecture:            x86_64
Running under Rosetta:   NO
Available memory:        8192 MB
Using pre-set license
Pro License: NO

COMMAND LINE ARGUMENTS:
/Applications/Unity/Hub/Editor/2020.3.21f1/Unity.app/Contents/MacOS/Unity
-adb2
-batchMode
-noUpm
-name
AssetImportWorker2
-projectPath
/Users/xhk/Downloads/Unity-Shadow-Unstable
-logFile
Logs/AssetImportWorker2.log
-srvPort
59121
Successfully changed project path to: /Users/xhk/Downloads/Unity-Shadow-Unstable
/Users/xhk/Downloads/Unity-Shadow-Unstable
Using Asset Import Pipeline V2.
Refreshing native plugins compatible for Editor in 373.69 ms, found 2 plugins.
Preloading 0 native plugins for Editor in 0.00 ms.
Initialize engine version: 2020.3.21f1 (a38c86f6690f)
[Subsystems] Discovering subsystems at path /Applications/Unity/Hub/Editor/2020.3.21f1/Unity.app/Contents/Resources/UnitySubsystems
[Subsystems] Discovering subsystems at path /Users/xhk/Downloads/Unity-Shadow-Unstable/Assets
GfxDevice: creating device client; threaded=0
2022-01-30 19:36:12.212 Unity[20069:584988] Color LCD preferred device: Intel(R) Iris(TM) Graphics 6000 (low power)
2022-01-30 19:36:12.212 Unity[20069:584988] Metal devices available: 1
2022-01-30 19:36:12.212 Unity[20069:584988] 0: Intel(R) Iris(TM) Graphics 6000 (low power)
2022-01-30 19:36:12.215 Unity[20069:584988] Using device Intel(R) Iris(TM) Graphics 6000 (low power)
Initializing Metal device caps: Intel(R) Iris(TM) Graphics 6000
Initialize mono
Mono path[0] = '/Applications/Unity/Hub/Editor/2020.3.21f1/Unity.app/Contents/Managed'
Mono path[1] = '/Applications/Unity/Hub/Editor/2020.3.21f1/Unity.app/Contents/MonoBleedingEdge/lib/mono/unityjit'
Mono config path = '/Applications/Unity/Hub/Editor/2020.3.21f1/Unity.app/Contents/MonoBleedingEdge/etc'
Using monoOptions --debugger-agent=transport=dt_socket,embedding=1,server=y,suspend=n,address=127.0.0.1:56069
Begin MonoManager ReloadAssembly
